{
  "/Users/hacxy/Projects/kick/cli/index.ts": {
    "path": "/Users/hacxy/Projects/kick/cli/index.ts",
    "statementMap": {
      "0": { "start": { "line": 10, "column": 14 }, "end": { "line": 10, "column": null } },
      "1": { "start": { "line": 12, "column": 2 }, "end": { "line": 20, "column": null } },
      "2": { "start": { "line": 16, "column": 6 }, "end": { "line": 18, "column": null } },
      "3": { "start": { "line": 17, "column": 8 }, "end": { "line": 17, "column": null } },
      "4": { "start": { "line": 19, "column": 6 }, "end": { "line": 19, "column": null } },
      "5": { "start": { "line": 22, "column": 2 }, "end": { "line": 30, "column": null } },
      "6": { "start": { "line": 26, "column": 6 }, "end": { "line": 28, "column": null } },
      "7": { "start": { "line": 27, "column": 8 }, "end": { "line": 27, "column": null } },
      "8": { "start": { "line": 29, "column": 6 }, "end": { "line": 29, "column": null } },
      "9": { "start": { "line": 32, "column": 2 }, "end": { "line": 53, "column": null } },
      "10": { "start": { "line": 33, "column": 4 }, "end": { "line": 52, "column": null } },
      "11": { "start": { "line": 34, "column": 24 }, "end": { "line": 34, "column": 45 } },
      "12": { "start": { "line": 35, "column": 6 }, "end": { "line": 35, "column": null } },
      "13": { "start": { "line": 37, "column": 25 }, "end": { "line": 37, "column": null } },
      "14": { "start": { "line": 37, "column": 58 }, "end": { "line": 37, "column": 68 } },
      "15": { "start": { "line": 39, "column": 6 }, "end": { "line": 48, "column": null } },
      "16": { "start": { "line": 40, "column": 8 }, "end": { "line": 40, "column": null } },
      "17": { "start": { "line": 41, "column": 34 }, "end": { "line": 41, "column": null } },
      "18": { "start": { "line": 41, "column": 58 }, "end": { "line": 41, "column": 81 } },
      "19": { "start": { "line": 42, "column": 8 }, "end": { "line": 46, "column": null } },
      "20": { "start": { "line": 43, "column": 10 }, "end": { "line": 45, "column": null } },
      "21": { "start": { "line": 47, "column": 8 }, "end": { "line": 47, "column": null } },
      "22": { "start": { "line": 50, "column": 6 }, "end": { "line": 50, "column": null } },
      "23": { "start": { "line": 51, "column": 6 }, "end": { "line": 51, "column": null } },
      "24": { "start": { "line": 55, "column": 2 }, "end": { "line": 55, "column": null } },
      "25": { "start": { "line": 57, "column": 2 }, "end": { "line": 57, "column": null } },
      "26": { "start": { "line": 58, "column": 2 }, "end": { "line": 58, "column": null } },
      "27": { "start": { "line": 59, "column": 2 }, "end": { "line": 59, "column": null } },
      "28": { "start": { "line": 62, "column": 0 }, "end": { "line": 62, "column": null } }
    },
    "fnMap": {
      "0": {
        "name": "bootstrap",
        "decl": { "start": { "line": 9, "column": 9 }, "end": { "line": 9, "column": 21 } },
        "loc": { "start": { "line": 9, "column": 21 }, "end": { "line": 60, "column": null } },
        "line": 9
      },
      "1": {
        "name": "(anonymous_1)",
        "decl": { "start": { "line": 15, "column": 5 }, "end": { "line": 15, "column": 13 } },
        "loc": { "start": { "line": 15, "column": 93 }, "end": { "line": 20, "column": 5 } },
        "line": 15
      },
      "2": {
        "name": "(anonymous_2)",
        "decl": { "start": { "line": 25, "column": 5 }, "end": { "line": 25, "column": 13 } },
        "loc": { "start": { "line": 25, "column": 93 }, "end": { "line": 30, "column": 5 } },
        "line": 25
      },
      "3": {
        "name": "(anonymous_3)",
        "decl": { "start": { "line": 32, "column": 61 }, "end": { "line": 32, "column": 73 } },
        "loc": { "start": { "line": 32, "column": 73 }, "end": { "line": 53, "column": 3 } },
        "line": 32
      },
      "4": {
        "name": "(anonymous_4)",
        "decl": { "start": { "line": 37, "column": 47 }, "end": { "line": 37, "column": 52 } },
        "loc": { "start": { "line": 37, "column": 58 }, "end": { "line": 37, "column": 68 } },
        "line": 37
      },
      "5": {
        "name": "(anonymous_5)",
        "decl": { "start": { "line": 41, "column": 44 }, "end": { "line": 41, "column": 52 } },
        "loc": { "start": { "line": 41, "column": 58 }, "end": { "line": 41, "column": 81 } },
        "line": 41
      }
    },
    "branchMap": {
      "0": {
        "loc": { "start": { "line": 16, "column": 6 }, "end": { "line": 18, "column": null } },
        "type": "if",
        "locations": [
          { "start": { "line": 16, "column": 6 }, "end": { "line": 18, "column": null } },
          { "start": {}, "end": {} }
        ],
        "line": 16
      },
      "1": {
        "loc": { "start": { "line": 16, "column": 10 }, "end": { "line": 16, "column": 41 } },
        "type": "binary-expr",
        "locations": [
          { "start": { "line": 16, "column": 10 }, "end": { "line": 16, "column": 22 } },
          { "start": { "line": 16, "column": 22 }, "end": { "line": 16, "column": 41 } }
        ],
        "line": 16
      },
      "2": {
        "loc": { "start": { "line": 26, "column": 6 }, "end": { "line": 28, "column": null } },
        "type": "if",
        "locations": [
          { "start": { "line": 26, "column": 6 }, "end": { "line": 28, "column": null } },
          { "start": {}, "end": {} }
        ],
        "line": 26
      },
      "3": {
        "loc": { "start": { "line": 26, "column": 10 }, "end": { "line": 26, "column": 41 } },
        "type": "binary-expr",
        "locations": [
          { "start": { "line": 26, "column": 10 }, "end": { "line": 26, "column": 22 } },
          { "start": { "line": 26, "column": 22 }, "end": { "line": 26, "column": 41 } }
        ],
        "line": 26
      }
    },
    "s": {
      "0": 0,
      "1": 0,
      "2": 0,
      "3": 0,
      "4": 0,
      "5": 0,
      "6": 0,
      "7": 0,
      "8": 0,
      "9": 0,
      "10": 0,
      "11": 0,
      "12": 0,
      "13": 0,
      "14": 0,
      "15": 0,
      "16": 0,
      "17": 0,
      "18": 0,
      "19": 0,
      "20": 0,
      "21": 0,
      "22": 0,
      "23": 0,
      "24": 0,
      "25": 0,
      "26": 0,
      "27": 0,
      "28": 0
    },
    "f": { "0": 0, "1": 0, "2": 0, "3": 0, "4": 0, "5": 0 },
    "b": { "0": [0, 0], "1": [0, 0], "2": [0, 0], "3": [0, 0] },
    "meta": {
      "lastBranch": 4,
      "lastFunction": 6,
      "lastStatement": 29,
      "seen": {
        "f:9:9:9:21": 0,
        "s:10:14:10:Infinity": 0,
        "s:12:2:20:Infinity": 1,
        "f:15:5:15:13": 1,
        "b:16:6:18:Infinity:undefined:undefined:undefined:undefined": 0,
        "s:16:6:18:Infinity": 2,
        "b:16:10:16:22:16:22:16:41": 1,
        "s:17:8:17:Infinity": 3,
        "s:19:6:19:Infinity": 4,
        "s:22:2:30:Infinity": 5,
        "f:25:5:25:13": 2,
        "b:26:6:28:Infinity:undefined:undefined:undefined:undefined": 2,
        "s:26:6:28:Infinity": 6,
        "b:26:10:26:22:26:22:26:41": 3,
        "s:27:8:27:Infinity": 7,
        "s:29:6:29:Infinity": 8,
        "s:32:2:53:Infinity": 9,
        "f:32:61:32:73": 3,
        "s:33:4:52:Infinity": 10,
        "s:34:24:34:45": 11,
        "s:35:6:35:Infinity": 12,
        "s:37:25:37:Infinity": 13,
        "f:37:47:37:52": 4,
        "s:37:58:37:68": 14,
        "s:39:6:48:Infinity": 15,
        "s:40:8:40:Infinity": 16,
        "s:41:34:41:Infinity": 17,
        "f:41:44:41:52": 5,
        "s:41:58:41:81": 18,
        "s:42:8:46:Infinity": 19,
        "s:43:10:45:Infinity": 20,
        "s:47:8:47:Infinity": 21,
        "s:50:6:50:Infinity": 22,
        "s:51:6:51:Infinity": 23,
        "s:55:2:55:Infinity": 24,
        "s:57:2:57:Infinity": 25,
        "s:58:2:58:Infinity": 26,
        "s:59:2:59:Infinity": 27,
        "s:62:0:62:Infinity": 28
      },
      "fnNames": {}
    }
  },
  "/Users/hacxy/Projects/kick/cli/utils.ts": {
    "path": "/Users/hacxy/Projects/kick/cli/utils.ts",
    "statementMap": {
      "0": { "start": { "line": 6, "column": 2 }, "end": { "line": 8, "column": null } },
      "1": { "start": { "line": 7, "column": 4 }, "end": { "line": 7, "column": null } },
      "2": { "start": { "line": 9, "column": 2 }, "end": { "line": 9, "column": null } },
      "3": { "start": { "line": 13, "column": 2 }, "end": { "line": 15, "column": null } },
      "4": { "start": { "line": 14, "column": 4 }, "end": { "line": 14, "column": null } },
      "5": { "start": { "line": 16, "column": 2 }, "end": { "line": 16, "column": null } },
      "6": { "start": { "line": 20, "column": 2 }, "end": { "line": 20, "column": null } },
      "7": { "start": { "line": 20, "column": 24 }, "end": { "line": 20, "column": null } },
      "8": { "start": { "line": 21, "column": 16 }, "end": { "line": 21, "column": null } },
      "9": { "start": { "line": 22, "column": 2 }, "end": { "line": 22, "column": null } },
      "10": { "start": { "line": 26, "column": 16 }, "end": { "line": 26, "column": null } },
      "11": { "start": { "line": 27, "column": 2 }, "end": { "line": 27, "column": null } },
      "12": { "start": { "line": 27, "column": 40 }, "end": { "line": 27, "column": 93 } },
      "13": { "start": { "line": 31, "column": 21 }, "end": { "line": 31, "column": null } },
      "14": { "start": { "line": 32, "column": 14 }, "end": { "line": 32, "column": null } },
      "15": { "start": { "line": 33, "column": 15 }, "end": { "line": 33, "column": null } },
      "16": { "start": { "line": 34, "column": 2 }, "end": { "line": 36, "column": null } },
      "17": { "start": { "line": 35, "column": 4 }, "end": { "line": 35, "column": null } },
      "18": { "start": { "line": 40, "column": 34 }, "end": { "line": 40, "column": null } },
      "19": { "start": { "line": 41, "column": 18 }, "end": { "line": 41, "column": null } },
      "20": { "start": { "line": 42, "column": 2 }, "end": { "line": 42, "column": null } },
      "21": { "start": { "line": 42, "column": 28 }, "end": { "line": 42, "column": null } },
      "22": { "start": { "line": 44, "column": 14 }, "end": { "line": 44, "column": null } },
      "23": { "start": { "line": 45, "column": 2 }, "end": { "line": 45, "column": null } },
      "24": { "start": { "line": 46, "column": 2 }, "end": { "line": 46, "column": null } }
    },
    "fnMap": {
      "0": {
        "name": "resolveProjectPath",
        "decl": { "start": { "line": 5, "column": 16 }, "end": { "line": 5, "column": 35 } },
        "loc": { "start": { "line": 5, "column": 64 }, "end": { "line": 10, "column": null } },
        "line": 5
      },
      "1": {
        "name": "getVisibleProjectName",
        "decl": { "start": { "line": 12, "column": 16 }, "end": { "line": 12, "column": 38 } },
        "loc": { "start": { "line": 12, "column": 67 }, "end": { "line": 17, "column": null } },
        "line": 12
      },
      "2": {
        "name": "isDirEmpty",
        "decl": { "start": { "line": 19, "column": 22 }, "end": { "line": 19, "column": 33 } },
        "loc": { "start": { "line": 19, "column": 64 }, "end": { "line": 23, "column": null } },
        "line": 19
      },
      "3": {
        "name": "emptyDir",
        "decl": { "start": { "line": 25, "column": 22 }, "end": { "line": 25, "column": 31 } },
        "loc": { "start": { "line": 25, "column": 59 }, "end": { "line": 28, "column": null } },
        "line": 25
      },
      "4": {
        "name": "(anonymous_4)",
        "decl": { "start": { "line": 27, "column": 26 }, "end": { "line": 27, "column": 31 } },
        "loc": { "start": { "line": 27, "column": 40 }, "end": { "line": 27, "column": 93 } },
        "line": 27
      },
      "5": {
        "name": "renameInDir",
        "decl": { "start": { "line": 30, "column": 22 }, "end": { "line": 30, "column": 34 } },
        "loc": { "start": { "line": 30, "column": 88 }, "end": { "line": 37, "column": null } },
        "line": 30
      },
      "6": {
        "name": "updatePackageName",
        "decl": { "start": { "line": 39, "column": 22 }, "end": { "line": 39, "column": 40 } },
        "loc": { "start": { "line": 39, "column": 82 }, "end": { "line": 47, "column": null } },
        "line": 39
      }
    },
    "branchMap": {
      "0": {
        "loc": { "start": { "line": 6, "column": 2 }, "end": { "line": 8, "column": null } },
        "type": "if",
        "locations": [
          { "start": { "line": 6, "column": 2 }, "end": { "line": 8, "column": null } },
          { "start": {}, "end": {} }
        ],
        "line": 6
      },
      "1": {
        "loc": { "start": { "line": 6, "column": 6 }, "end": { "line": 6, "column": 51 } },
        "type": "binary-expr",
        "locations": [
          { "start": { "line": 6, "column": 6 }, "end": { "line": 6, "column": 29 } },
          { "start": { "line": 6, "column": 29 }, "end": { "line": 6, "column": 51 } }
        ],
        "line": 6
      },
      "2": {
        "loc": { "start": { "line": 13, "column": 2 }, "end": { "line": 15, "column": null } },
        "type": "if",
        "locations": [
          { "start": { "line": 13, "column": 2 }, "end": { "line": 15, "column": null } },
          { "start": {}, "end": {} }
        ],
        "line": 13
      },
      "3": {
        "loc": { "start": { "line": 13, "column": 6 }, "end": { "line": 13, "column": 51 } },
        "type": "binary-expr",
        "locations": [
          { "start": { "line": 13, "column": 6 }, "end": { "line": 13, "column": 29 } },
          { "start": { "line": 13, "column": 29 }, "end": { "line": 13, "column": 51 } }
        ],
        "line": 13
      },
      "4": {
        "loc": { "start": { "line": 14, "column": 11 }, "end": { "line": 14, "column": null } },
        "type": "binary-expr",
        "locations": [
          { "start": { "line": 14, "column": 11 }, "end": { "line": 14, "column": 49 } },
          { "start": { "line": 14, "column": 49 }, "end": { "line": 14, "column": null } }
        ],
        "line": 14
      },
      "5": {
        "loc": { "start": { "line": 20, "column": 2 }, "end": { "line": 20, "column": null } },
        "type": "if",
        "locations": [
          { "start": { "line": 20, "column": 2 }, "end": { "line": 20, "column": null } },
          { "start": {}, "end": {} }
        ],
        "line": 20
      },
      "6": {
        "loc": { "start": { "line": 34, "column": 2 }, "end": { "line": 36, "column": null } },
        "type": "if",
        "locations": [
          { "start": { "line": 34, "column": 2 }, "end": { "line": 36, "column": null } },
          { "start": {}, "end": {} }
        ],
        "line": 34
      },
      "7": {
        "loc": { "start": { "line": 42, "column": 2 }, "end": { "line": 42, "column": null } },
        "type": "if",
        "locations": [
          { "start": { "line": 42, "column": 2 }, "end": { "line": 42, "column": null } },
          { "start": {}, "end": {} }
        ],
        "line": 42
      }
    },
    "s": {
      "0": 3,
      "1": 2,
      "2": 1,
      "3": 3,
      "4": 2,
      "5": 1,
      "6": 3,
      "7": 1,
      "8": 2,
      "9": 2,
      "10": 1,
      "11": 1,
      "12": 2,
      "13": 2,
      "14": 2,
      "15": 2,
      "16": 2,
      "17": 1,
      "18": 2,
      "19": 2,
      "20": 2,
      "21": 1,
      "22": 1,
      "23": 1,
      "24": 1
    },
    "f": { "0": 3, "1": 3, "2": 3, "3": 1, "4": 2, "5": 2, "6": 2 },
    "b": {
      "0": [2, 1],
      "1": [3, 2],
      "2": [2, 1],
      "3": [3, 2],
      "4": [2, 0],
      "5": [1, 2],
      "6": [1, 1],
      "7": [1, 1]
    },
    "meta": {
      "lastBranch": 8,
      "lastFunction": 7,
      "lastStatement": 25,
      "seen": {
        "f:5:16:5:35": 0,
        "b:6:2:8:Infinity:undefined:undefined:undefined:undefined": 0,
        "s:6:2:8:Infinity": 0,
        "b:6:6:6:29:6:29:6:51": 1,
        "s:7:4:7:Infinity": 1,
        "s:9:2:9:Infinity": 2,
        "f:12:16:12:38": 1,
        "b:13:2:15:Infinity:undefined:undefined:undefined:undefined": 2,
        "s:13:2:15:Infinity": 3,
        "b:13:6:13:29:13:29:13:51": 3,
        "s:14:4:14:Infinity": 4,
        "b:14:11:14:49:14:49:14:Infinity": 4,
        "s:16:2:16:Infinity": 5,
        "f:19:22:19:33": 2,
        "b:20:2:20:Infinity:undefined:undefined:undefined:undefined": 5,
        "s:20:2:20:Infinity": 6,
        "s:20:24:20:Infinity": 7,
        "s:21:16:21:Infinity": 8,
        "s:22:2:22:Infinity": 9,
        "f:25:22:25:31": 3,
        "s:26:16:26:Infinity": 10,
        "s:27:2:27:Infinity": 11,
        "f:27:26:27:31": 4,
        "s:27:40:27:93": 12,
        "f:30:22:30:34": 5,
        "s:31:21:31:Infinity": 13,
        "s:32:14:32:Infinity": 14,
        "s:33:15:33:Infinity": 15,
        "b:34:2:36:Infinity:undefined:undefined:undefined:undefined": 6,
        "s:34:2:36:Infinity": 16,
        "s:35:4:35:Infinity": 17,
        "f:39:22:39:40": 6,
        "s:40:34:40:Infinity": 18,
        "s:41:18:41:Infinity": 19,
        "b:42:2:42:Infinity:undefined:undefined:undefined:undefined": 7,
        "s:42:2:42:Infinity": 20,
        "s:42:28:42:Infinity": 21,
        "s:44:14:44:Infinity": 22,
        "s:45:2:45:Infinity": 23,
        "s:46:2:46:Infinity": 24
      },
      "fnNames": {}
    }
  },
  "/Users/hacxy/Projects/kick/cli/commands/new.ts": {
    "path": "/Users/hacxy/Projects/kick/cli/commands/new.ts",
    "statementMap": {
      "0": { "start": { "line": 25, "column": 21 }, "end": { "line": 25, "column": null } },
      "1": { "start": { "line": 25, "column": 54 }, "end": { "line": 25, "column": 64 } },
      "2": { "start": { "line": 27, "column": 23 }, "end": { "line": 34, "column": null } },
      "3": { "start": { "line": 36, "column": 19 }, "end": { "line": 36, "column": null } },
      "4": { "start": { "line": 36, "column": 43 }, "end": { "line": 36, "column": 66 } },
      "5": { "start": { "line": 38, "column": 23 }, "end": { "line": 48, "column": null } },
      "6": { "start": { "line": 43, "column": 36 }, "end": { "line": 46, "column": 8 } },
      "7": { "start": { "line": 50, "column": 2 }, "end": { "line": 50, "column": null } },
      "8": { "start": { "line": 54, "column": 2 }, "end": { "line": 65, "column": null } },
      "9": { "start": { "line": 55, "column": 18 }, "end": { "line": 55, "column": null } },
      "10": { "start": { "line": 55, "column": 40 }, "end": { "line": 55, "column": 67 } },
      "11": { "start": { "line": 56, "column": 4 }, "end": { "line": 63, "column": null } },
      "12": { "start": { "line": 57, "column": 6 }, "end": { "line": 57, "column": null } },
      "13": { "start": { "line": 58, "column": 6 }, "end": { "line": 58, "column": null } },
      "14": { "start": { "line": 59, "column": 6 }, "end": { "line": 59, "column": null } },
      "15": { "start": { "line": 59, "column": 31 }, "end": { "line": 59, "column": 71 } },
      "16": { "start": { "line": 60, "column": 6 }, "end": { "line": 60, "column": null } },
      "17": { "start": { "line": 62, "column": 6 }, "end": { "line": 62, "column": null } },
      "18": { "start": { "line": 64, "column": 4 }, "end": { "line": 64, "column": null } },
      "19": { "start": { "line": 67, "column": 2 }, "end": { "line": 67, "column": null } },
      "20": { "start": { "line": 71, "column": 2 }, "end": { "line": 71, "column": null } },
      "21": { "start": { "line": 71, "column": 15 }, "end": { "line": 71, "column": null } },
      "22": { "start": { "line": 73, "column": 26 }, "end": { "line": 83, "column": null } },
      "23": { "start": { "line": 79, "column": 8 }, "end": { "line": 79, "column": null } },
      "24": { "start": { "line": 79, "column": 20 }, "end": { "line": 79, "column": null } },
      "25": { "start": { "line": 80, "column": 8 }, "end": { "line": 80, "column": null } },
      "26": { "start": { "line": 85, "column": 2 }, "end": { "line": 85, "column": null } },
      "27": { "start": { "line": 89, "column": 2 }, "end": { "line": 89, "column": null } },
      "28": { "start": { "line": 89, "column": 25 }, "end": { "line": 89, "column": null } },
      "29": { "start": { "line": 91, "column": 2 }, "end": { "line": 112, "column": null } },
      "30": { "start": { "line": 92, "column": 28 }, "end": { "line": 99, "column": null } },
      "31": { "start": { "line": 101, "column": 4 }, "end": { "line": 104, "column": null } },
      "32": { "start": { "line": 102, "column": 6 }, "end": { "line": 102, "column": null } },
      "33": { "start": { "line": 103, "column": 6 }, "end": { "line": 103, "column": null } },
      "34": { "start": { "line": 106, "column": 4 }, "end": { "line": 111, "column": null } },
      "35": { "start": { "line": 107, "column": 6 }, "end": { "line": 107, "column": null } },
      "36": { "start": { "line": 109, "column": 21 }, "end": { "line": 109, "column": null } },
      "37": { "start": { "line": 110, "column": 6 }, "end": { "line": 110, "column": null } },
      "38": { "start": { "line": 116, "column": 18 }, "end": { "line": 116, "column": null } },
      "39": { "start": { "line": 117, "column": 2 }, "end": { "line": 123, "column": null } },
      "40": { "start": { "line": 118, "column": 4 }, "end": { "line": 118, "column": null } },
      "41": { "start": { "line": 119, "column": 4 }, "end": { "line": 119, "column": null } },
      "42": { "start": { "line": 121, "column": 4 }, "end": { "line": 121, "column": null } },
      "43": { "start": { "line": 122, "column": 4 }, "end": { "line": 122, "column": null } },
      "44": { "start": { "line": 127, "column": 2 }, "end": { "line": 127, "column": null } },
      "45": { "start": { "line": 128, "column": 2 }, "end": { "line": 128, "column": null } },
      "46": { "start": { "line": 129, "column": 2 }, "end": { "line": 129, "column": null } },
      "47": { "start": { "line": 136, "column": 18 }, "end": { "line": 136, "column": null } },
      "48": { "start": { "line": 139, "column": 2 }, "end": { "line": 145, "column": null } },
      "49": { "start": { "line": 140, "column": 4 }, "end": { "line": 140, "column": null } },
      "50": { "start": { "line": 141, "column": 4 }, "end": { "line": 141, "column": null } },
      "51": { "start": { "line": 143, "column": 4 }, "end": { "line": 143, "column": null } },
      "52": { "start": { "line": 144, "column": 4 }, "end": { "line": 144, "column": null } },
      "53": { "start": { "line": 147, "column": 19 }, "end": { "line": 147, "column": null } },
      "54": { "start": { "line": 148, "column": 15 }, "end": { "line": 148, "column": null } },
      "55": { "start": { "line": 149, "column": 22 }, "end": { "line": 149, "column": null } },
      "56": { "start": { "line": 150, "column": 15 }, "end": { "line": 150, "column": null } },
      "57": { "start": { "line": 152, "column": 2 }, "end": { "line": 152, "column": null } },
      "58": { "start": { "line": 153, "column": 2 }, "end": { "line": 153, "column": null } },
      "59": { "start": { "line": 154, "column": 2 }, "end": { "line": 154, "column": null } },
      "60": { "start": { "line": 155, "column": 2 }, "end": { "line": 155, "column": null } },
      "61": { "start": { "line": 157, "column": 2 }, "end": { "line": 157, "column": null } },
      "62": { "start": { "line": 158, "column": 2 }, "end": { "line": 158, "column": null } },
      "63": { "start": { "line": 159, "column": 2 }, "end": { "line": 159, "column": null } },
      "64": { "start": { "line": 160, "column": 2 }, "end": { "line": 160, "column": null } },
      "65": { "start": { "line": 161, "column": 2 }, "end": { "line": 161, "column": null } },
      "66": { "start": { "line": 162, "column": 2 }, "end": { "line": 162, "column": null } },
      "67": { "start": { "line": 163, "column": 2 }, "end": { "line": 163, "column": null } }
    },
    "fnMap": {
      "0": {
        "name": "selectTemplate",
        "decl": { "start": { "line": 24, "column": 15 }, "end": { "line": 24, "column": 30 } },
        "loc": { "start": { "line": 24, "column": 72 }, "end": { "line": 51, "column": null } },
        "line": 24
      },
      "1": {
        "name": "(anonymous_1)",
        "decl": { "start": { "line": 25, "column": 43 }, "end": { "line": 25, "column": 48 } },
        "loc": { "start": { "line": 25, "column": 54 }, "end": { "line": 25, "column": 64 } },
        "line": 25
      },
      "2": {
        "name": "(anonymous_2)",
        "decl": { "start": { "line": 36, "column": 29 }, "end": { "line": 36, "column": 37 } },
        "loc": { "start": { "line": 36, "column": 43 }, "end": { "line": 36, "column": 66 } },
        "line": 36
      },
      "3": {
        "name": "(anonymous_3)",
        "decl": { "start": { "line": 43, "column": 24 }, "end": { "line": 43, "column": 29 } },
        "loc": { "start": { "line": 43, "column": 36 }, "end": { "line": 46, "column": 8 } },
        "line": 43
      },
      "4": {
        "name": "resolveTemplate",
        "decl": { "start": { "line": 53, "column": 15 }, "end": { "line": 53, "column": 31 } },
        "loc": { "start": { "line": 53, "column": 94 }, "end": { "line": 68, "column": null } },
        "line": 53
      },
      "5": {
        "name": "(anonymous_5)",
        "decl": { "start": { "line": 55, "column": 28 }, "end": { "line": 55, "column": 34 } },
        "loc": { "start": { "line": 55, "column": 40 }, "end": { "line": 55, "column": 67 } },
        "line": 55
      },
      "6": {
        "name": "(anonymous_6)",
        "decl": { "start": { "line": 59, "column": 16 }, "end": { "line": 59, "column": 25 } },
        "loc": { "start": { "line": 59, "column": 31 }, "end": { "line": 59, "column": 71 } },
        "line": 59
      },
      "7": {
        "name": "resolveProjectName",
        "decl": { "start": { "line": 70, "column": 15 }, "end": { "line": 70, "column": 34 } },
        "loc": { "start": { "line": 70, "column": 69 }, "end": { "line": 86, "column": null } },
        "line": 70
      },
      "8": {
        "name": "(anonymous_8)",
        "decl": { "start": { "line": 78, "column": 6 }, "end": { "line": 78, "column": 17 } },
        "loc": { "start": { "line": 78, "column": 35 }, "end": { "line": 81, "column": null } },
        "line": 78
      },
      "9": {
        "name": "ensureDestEmpty",
        "decl": { "start": { "line": 88, "column": 15 }, "end": { "line": 88, "column": 31 } },
        "loc": { "start": { "line": 88, "column": 81 }, "end": { "line": 113, "column": null } },
        "line": 88
      },
      "10": {
        "name": "setupTemplate",
        "decl": { "start": { "line": 115, "column": 15 }, "end": { "line": 115, "column": 29 } },
        "loc": { "start": { "line": 115, "column": 78 }, "end": { "line": 124, "column": null } },
        "line": 115
      },
      "11": {
        "name": "renameSpecialFiles",
        "decl": { "start": { "line": 126, "column": 15 }, "end": { "line": 126, "column": 34 } },
        "loc": { "start": { "line": 126, "column": 63 }, "end": { "line": 130, "column": null } },
        "line": 126
      },
      "12": {
        "name": "createProject",
        "decl": { "start": { "line": 132, "column": 22 }, "end": { "line": 132, "column": null } },
        "loc": { "start": { "line": 135, "column": 17 }, "end": { "line": 164, "column": null } },
        "line": 135
      }
    },
    "branchMap": {
      "0": {
        "loc": { "start": { "line": 54, "column": 2 }, "end": { "line": 65, "column": null } },
        "type": "if",
        "locations": [
          { "start": { "line": 54, "column": 2 }, "end": { "line": 65, "column": null } },
          { "start": {}, "end": {} }
        ],
        "line": 54
      },
      "1": {
        "loc": { "start": { "line": 56, "column": 4 }, "end": { "line": 63, "column": null } },
        "type": "if",
        "locations": [
          { "start": { "line": 56, "column": 4 }, "end": { "line": 63, "column": null } },
          { "start": {}, "end": {} }
        ],
        "line": 56
      },
      "2": {
        "loc": { "start": { "line": 71, "column": 2 }, "end": { "line": 71, "column": null } },
        "type": "if",
        "locations": [
          { "start": { "line": 71, "column": 2 }, "end": { "line": 71, "column": null } },
          { "start": {}, "end": {} }
        ],
        "line": 71
      },
      "3": {
        "loc": { "start": { "line": 79, "column": 8 }, "end": { "line": 79, "column": null } },
        "type": "if",
        "locations": [
          { "start": { "line": 79, "column": 8 }, "end": { "line": 79, "column": null } },
          { "start": {}, "end": {} }
        ],
        "line": 79
      },
      "4": {
        "loc": { "start": { "line": 89, "column": 2 }, "end": { "line": 89, "column": null } },
        "type": "if",
        "locations": [
          { "start": { "line": 89, "column": 2 }, "end": { "line": 89, "column": null } },
          { "start": {}, "end": {} }
        ],
        "line": 89
      },
      "5": {
        "loc": { "start": { "line": 91, "column": 2 }, "end": { "line": 112, "column": null } },
        "type": "if",
        "locations": [
          { "start": { "line": 91, "column": 2 }, "end": { "line": 112, "column": null } },
          { "start": {}, "end": {} }
        ],
        "line": 91
      },
      "6": {
        "loc": { "start": { "line": 101, "column": 4 }, "end": { "line": 104, "column": null } },
        "type": "if",
        "locations": [
          { "start": { "line": 101, "column": 4 }, "end": { "line": 104, "column": null } },
          { "start": {}, "end": {} }
        ],
        "line": 101
      },
      "7": {
        "loc": { "start": { "line": 106, "column": 4 }, "end": { "line": 111, "column": null } },
        "type": "if",
        "locations": [
          { "start": { "line": 106, "column": 4 }, "end": { "line": 111, "column": null } },
          { "start": { "line": 108, "column": 11 }, "end": { "line": 111, "column": null } }
        ],
        "line": 106
      },
      "8": {
        "loc": { "start": { "line": 106, "column": 8 }, "end": { "line": 106, "column": 53 } },
        "type": "binary-expr",
        "locations": [
          { "start": { "line": 106, "column": 8 }, "end": { "line": 106, "column": 31 } },
          { "start": { "line": 106, "column": 31 }, "end": { "line": 106, "column": 53 } }
        ],
        "line": 106
      }
    },
    "s": {
      "0": 2,
      "1": 1,
      "2": 2,
      "3": 1,
      "4": 1,
      "5": 1,
      "6": 1,
      "7": 1,
      "8": 4,
      "9": 2,
      "10": 2,
      "11": 2,
      "12": 1,
      "13": 1,
      "14": 1,
      "15": 1,
      "16": 1,
      "17": 1,
      "18": 1,
      "19": 2,
      "20": 3,
      "21": 0,
      "22": 3,
      "23": 0,
      "24": 0,
      "25": 0,
      "26": 3,
      "27": 3,
      "28": 0,
      "29": 3,
      "30": 0,
      "31": 0,
      "32": 0,
      "33": 0,
      "34": 0,
      "35": 0,
      "36": 0,
      "37": 0,
      "38": 3,
      "39": 3,
      "40": 3,
      "41": 3,
      "42": 0,
      "43": 0,
      "44": 3,
      "45": 3,
      "46": 3,
      "47": 4,
      "48": 4,
      "49": 4,
      "50": 3,
      "51": 1,
      "52": 1,
      "53": 4,
      "54": 3,
      "55": 3,
      "56": 3,
      "57": 3,
      "58": 3,
      "59": 3,
      "60": 3,
      "61": 3,
      "62": 3,
      "63": 3,
      "64": 3,
      "65": 3,
      "66": 3,
      "67": 3
    },
    "f": {
      "0": 2,
      "1": 1,
      "2": 1,
      "3": 1,
      "4": 4,
      "5": 2,
      "6": 1,
      "7": 3,
      "8": 0,
      "9": 3,
      "10": 3,
      "11": 3,
      "12": 4
    },
    "b": {
      "0": [2, 2],
      "1": [1, 1],
      "2": [0, 3],
      "3": [0, 0],
      "4": [0, 3],
      "5": [0, 3],
      "6": [0, 0],
      "7": [0, 0],
      "8": [0, 0]
    },
    "meta": {
      "lastBranch": 9,
      "lastFunction": 13,
      "lastStatement": 68,
      "seen": {
        "f:24:15:24:30": 0,
        "s:25:21:25:Infinity": 0,
        "f:25:43:25:48": 1,
        "s:25:54:25:64": 1,
        "s:27:23:34:Infinity": 2,
        "s:36:19:36:Infinity": 3,
        "f:36:29:36:37": 2,
        "s:36:43:36:66": 4,
        "s:38:23:48:Infinity": 5,
        "f:43:24:43:29": 3,
        "s:43:36:46:8": 6,
        "s:50:2:50:Infinity": 7,
        "f:53:15:53:31": 4,
        "b:54:2:65:Infinity:undefined:undefined:undefined:undefined": 0,
        "s:54:2:65:Infinity": 8,
        "s:55:18:55:Infinity": 9,
        "f:55:28:55:34": 5,
        "s:55:40:55:67": 10,
        "b:56:4:63:Infinity:undefined:undefined:undefined:undefined": 1,
        "s:56:4:63:Infinity": 11,
        "s:57:6:57:Infinity": 12,
        "s:58:6:58:Infinity": 13,
        "s:59:6:59:Infinity": 14,
        "f:59:16:59:25": 6,
        "s:59:31:59:71": 15,
        "s:60:6:60:Infinity": 16,
        "s:62:6:62:Infinity": 17,
        "s:64:4:64:Infinity": 18,
        "s:67:2:67:Infinity": 19,
        "f:70:15:70:34": 7,
        "b:71:2:71:Infinity:undefined:undefined:undefined:undefined": 2,
        "s:71:2:71:Infinity": 20,
        "s:71:15:71:Infinity": 21,
        "s:73:26:83:Infinity": 22,
        "f:78:6:78:17": 8,
        "b:79:8:79:Infinity:undefined:undefined:undefined:undefined": 3,
        "s:79:8:79:Infinity": 23,
        "s:79:20:79:Infinity": 24,
        "s:80:8:80:Infinity": 25,
        "s:85:2:85:Infinity": 26,
        "f:88:15:88:31": 9,
        "b:89:2:89:Infinity:undefined:undefined:undefined:undefined": 4,
        "s:89:2:89:Infinity": 27,
        "s:89:25:89:Infinity": 28,
        "b:91:2:112:Infinity:undefined:undefined:undefined:undefined": 5,
        "s:91:2:112:Infinity": 29,
        "s:92:28:99:Infinity": 30,
        "b:101:4:104:Infinity:undefined:undefined:undefined:undefined": 6,
        "s:101:4:104:Infinity": 31,
        "s:102:6:102:Infinity": 32,
        "s:103:6:103:Infinity": 33,
        "b:106:4:111:Infinity:108:11:111:Infinity": 7,
        "s:106:4:111:Infinity": 34,
        "b:106:8:106:31:106:31:106:53": 8,
        "s:107:6:107:Infinity": 35,
        "s:109:21:109:Infinity": 36,
        "s:110:6:110:Infinity": 37,
        "f:115:15:115:29": 10,
        "s:116:18:116:Infinity": 38,
        "s:117:2:123:Infinity": 39,
        "s:118:4:118:Infinity": 40,
        "s:119:4:119:Infinity": 41,
        "s:121:4:121:Infinity": 42,
        "s:122:4:122:Infinity": 43,
        "f:126:15:126:34": 11,
        "s:127:2:127:Infinity": 44,
        "s:128:2:128:Infinity": 45,
        "s:129:2:129:Infinity": 46,
        "f:132:22:132:Infinity": 12,
        "s:136:18:136:Infinity": 47,
        "s:139:2:145:Infinity": 48,
        "s:140:4:140:Infinity": 49,
        "s:141:4:141:Infinity": 50,
        "s:143:4:143:Infinity": 51,
        "s:144:4:144:Infinity": 52,
        "s:147:19:147:Infinity": 53,
        "s:148:15:148:Infinity": 54,
        "s:149:22:149:Infinity": 55,
        "s:150:15:150:Infinity": 56,
        "s:152:2:152:Infinity": 57,
        "s:153:2:153:Infinity": 58,
        "s:154:2:154:Infinity": 59,
        "s:155:2:155:Infinity": 60,
        "s:157:2:157:Infinity": 61,
        "s:158:2:158:Infinity": 62,
        "s:159:2:159:Infinity": 63,
        "s:160:2:160:Infinity": 64,
        "s:161:2:161:Infinity": 65,
        "s:162:2:162:Infinity": 66,
        "s:163:2:163:Infinity": 67
      },
      "fnNames": {}
    }
  },
  "/Users/hacxy/Projects/kick/cli/commands/setup.ts": {
    "path": "/Users/hacxy/Projects/kick/cli/commands/setup.ts",
    "statementMap": {
      "0": { "start": { "line": 13, "column": 44 }, "end": { "line": 26, "column": null } },
      "1": { "start": { "line": 30, "column": 2 }, "end": { "line": 30, "column": null } },
      "2": { "start": { "line": 34, "column": 20 }, "end": { "line": 34, "column": null } },
      "3": { "start": { "line": 35, "column": 2 }, "end": { "line": 37, "column": null } },
      "4": { "start": { "line": 36, "column": 4 }, "end": { "line": 36, "column": null } },
      "5": { "start": { "line": 38, "column": 18 }, "end": { "line": 38, "column": null } },
      "6": { "start": { "line": 39, "column": 2 }, "end": { "line": 39, "column": null } },
      "7": { "start": { "line": 39, "column": 31 }, "end": { "line": 39, "column": 46 } },
      "8": { "start": { "line": 39, "column": 59 }, "end": { "line": 39, "column": 65 } },
      "9": { "start": { "line": 43, "column": 26 }, "end": { "line": 43, "column": null } },
      "10": { "start": { "line": 45, "column": 2 }, "end": { "line": 47, "column": null } },
      "11": { "start": { "line": 46, "column": 4 }, "end": { "line": 46, "column": null } },
      "12": { "start": { "line": 49, "column": 2 }, "end": { "line": 74, "column": null } },
      "13": { "start": { "line": 50, "column": 19 }, "end": { "line": 50, "column": null } },
      "14": { "start": { "line": 51, "column": 19 }, "end": { "line": 51, "column": null } },
      "15": { "start": { "line": 53, "column": 4 }, "end": { "line": 70, "column": null } },
      "16": { "start": { "line": 54, "column": 34 }, "end": { "line": 61, "column": null } },
      "17": { "start": { "line": 63, "column": 6 }, "end": { "line": 66, "column": null } },
      "18": { "start": { "line": 64, "column": 8 }, "end": { "line": 64, "column": null } },
      "19": { "start": { "line": 65, "column": 8 }, "end": { "line": 65, "column": null } },
      "20": { "start": { "line": 69, "column": 6 }, "end": { "line": 69, "column": null } },
      "21": { "start": { "line": 72, "column": 4 }, "end": { "line": 72, "column": null } },
      "22": { "start": { "line": 73, "column": 4 }, "end": { "line": 73, "column": null } },
      "23": { "start": { "line": 78, "column": 26 }, "end": { "line": 78, "column": null } },
      "24": { "start": { "line": 80, "column": 2 }, "end": { "line": 83, "column": null } },
      "25": { "start": { "line": 81, "column": 4 }, "end": { "line": 81, "column": null } },
      "26": { "start": { "line": 82, "column": 4 }, "end": { "line": 82, "column": null } },
      "27": { "start": { "line": 85, "column": 2 }, "end": { "line": 85, "column": null } },
      "28": { "start": { "line": 86, "column": 2 }, "end": { "line": 86, "column": null } },
      "29": { "start": { "line": 86, "column": 33 }, "end": { "line": 86, "column": 69 } },
      "30": { "start": { "line": 87, "column": 2 }, "end": { "line": 87, "column": null } },
      "31": { "start": { "line": 89, "column": 20 }, "end": { "line": 99, "column": null } },
      "32": { "start": { "line": 94, "column": 64 }, "end": { "line": 97, "column": 8 } },
      "33": { "start": { "line": 101, "column": 24 }, "end": { "line": 101, "column": null } },
      "34": { "start": { "line": 102, "column": 2 }, "end": { "line": 105, "column": null } },
      "35": { "start": { "line": 103, "column": 4 }, "end": { "line": 103, "column": null } },
      "36": { "start": { "line": 104, "column": 4 }, "end": { "line": 104, "column": null } },
      "37": { "start": { "line": 107, "column": 2 }, "end": { "line": 107, "column": null } },
      "38": { "start": { "line": 109, "column": 2 }, "end": { "line": 109, "column": null } },
      "39": { "start": { "line": 111, "column": 2 }, "end": { "line": 111, "column": null } },
      "40": { "start": { "line": 112, "column": 2 }, "end": { "line": 112, "column": null } }
    },
    "fnMap": {
      "0": {
        "name": "getSkillsDir",
        "decl": { "start": { "line": 28, "column": 9 }, "end": { "line": 28, "column": 32 } },
        "loc": { "start": { "line": 28, "column": 32 }, "end": { "line": 31, "column": null } },
        "line": 28
      },
      "1": {
        "name": "getAvailableSkills",
        "decl": { "start": { "line": 33, "column": 15 }, "end": { "line": 33, "column": 55 } },
        "loc": { "start": { "line": 33, "column": 55 }, "end": { "line": 40, "column": null } },
        "line": 33
      },
      "2": {
        "name": "(anonymous_2)",
        "decl": { "start": { "line": 39, "column": 17 }, "end": { "line": 39, "column": 25 } },
        "loc": { "start": { "line": 39, "column": 31 }, "end": { "line": 39, "column": 46 } },
        "line": 39
      },
      "3": {
        "name": "(anonymous_3)",
        "decl": { "start": { "line": 39, "column": 48 }, "end": { "line": 39, "column": 53 } },
        "loc": { "start": { "line": 39, "column": 59 }, "end": { "line": 39, "column": 65 } },
        "line": 39
      },
      "4": {
        "name": "installSkills",
        "decl": { "start": { "line": 42, "column": 15 }, "end": { "line": 42, "column": 29 } },
        "loc": { "start": { "line": 42, "column": 82 }, "end": { "line": 75, "column": null } },
        "line": 42
      },
      "5": {
        "name": "setupSkills",
        "decl": { "start": { "line": 77, "column": 22 }, "end": { "line": 77, "column": 51 } },
        "loc": { "start": { "line": 77, "column": 51 }, "end": { "line": 113, "column": null } },
        "line": 77
      },
      "6": {
        "name": "(anonymous_6)",
        "decl": { "start": { "line": 86, "column": 18 }, "end": { "line": 86, "column": 27 } },
        "loc": { "start": { "line": 86, "column": 33 }, "end": { "line": 86, "column": 69 } },
        "line": 86
      },
      "7": {
        "name": "(anonymous_7)",
        "decl": { "start": { "line": 94, "column": 38 }, "end": { "line": 94, "column": 43 } },
        "loc": { "start": { "line": 94, "column": 64 }, "end": { "line": 97, "column": 8 } },
        "line": 94
      }
    },
    "branchMap": {
      "0": {
        "loc": { "start": { "line": 35, "column": 2 }, "end": { "line": 37, "column": null } },
        "type": "if",
        "locations": [
          { "start": { "line": 35, "column": 2 }, "end": { "line": 37, "column": null } },
          { "start": {}, "end": {} }
        ],
        "line": 35
      },
      "1": {
        "loc": { "start": { "line": 45, "column": 2 }, "end": { "line": 47, "column": null } },
        "type": "if",
        "locations": [
          { "start": { "line": 45, "column": 2 }, "end": { "line": 47, "column": null } },
          { "start": {}, "end": {} }
        ],
        "line": 45
      },
      "2": {
        "loc": { "start": { "line": 53, "column": 4 }, "end": { "line": 70, "column": null } },
        "type": "if",
        "locations": [
          { "start": { "line": 53, "column": 4 }, "end": { "line": 70, "column": null } },
          { "start": {}, "end": {} }
        ],
        "line": 53
      },
      "3": {
        "loc": { "start": { "line": 63, "column": 6 }, "end": { "line": 66, "column": null } },
        "type": "if",
        "locations": [
          { "start": { "line": 63, "column": 6 }, "end": { "line": 66, "column": null } },
          { "start": {}, "end": {} }
        ],
        "line": 63
      },
      "4": {
        "loc": { "start": { "line": 80, "column": 2 }, "end": { "line": 83, "column": null } },
        "type": "if",
        "locations": [
          { "start": { "line": 80, "column": 2 }, "end": { "line": 83, "column": null } },
          { "start": {}, "end": {} }
        ],
        "line": 80
      },
      "5": {
        "loc": { "start": { "line": 102, "column": 2 }, "end": { "line": 105, "column": null } },
        "type": "if",
        "locations": [
          { "start": { "line": 102, "column": 2 }, "end": { "line": 105, "column": null } },
          { "start": {}, "end": {} }
        ],
        "line": 102
      }
    },
    "s": {
      "0": 1,
      "1": 11,
      "2": 6,
      "3": 6,
      "4": 1,
      "5": 5,
      "6": 5,
      "7": 6,
      "8": 6,
      "9": 5,
      "10": 5,
      "11": 1,
      "12": 5,
      "13": 6,
      "14": 6,
      "15": 6,
      "16": 2,
      "17": 2,
      "18": 1,
      "19": 1,
      "20": 1,
      "21": 5,
      "22": 5,
      "23": 6,
      "24": 6,
      "25": 1,
      "26": 1,
      "27": 6,
      "28": 6,
      "29": 6,
      "30": 6,
      "31": 6,
      "32": 18,
      "33": 6,
      "34": 6,
      "35": 0,
      "36": 0,
      "37": 5,
      "38": 5,
      "39": 5,
      "40": 5
    },
    "f": { "0": 11, "1": 6, "2": 6, "3": 6, "4": 5, "5": 6, "6": 6, "7": 18 },
    "b": { "0": [1, 5], "1": [1, 4], "2": [2, 4], "3": [1, 1], "4": [1, 5], "5": [0, 6] },
    "meta": {
      "lastBranch": 6,
      "lastFunction": 8,
      "lastStatement": 41,
      "seen": {
        "s:13:44:26:Infinity": 0,
        "f:28:9:28:32": 0,
        "s:30:2:30:Infinity": 1,
        "f:33:15:33:55": 1,
        "s:34:20:34:Infinity": 2,
        "b:35:2:37:Infinity:undefined:undefined:undefined:undefined": 0,
        "s:35:2:37:Infinity": 3,
        "s:36:4:36:Infinity": 4,
        "s:38:18:38:Infinity": 5,
        "s:39:2:39:Infinity": 6,
        "f:39:17:39:25": 2,
        "s:39:31:39:46": 7,
        "f:39:48:39:53": 3,
        "s:39:59:39:65": 8,
        "f:42:15:42:29": 4,
        "s:43:26:43:Infinity": 9,
        "b:45:2:47:Infinity:undefined:undefined:undefined:undefined": 1,
        "s:45:2:47:Infinity": 10,
        "s:46:4:46:Infinity": 11,
        "s:49:2:74:Infinity": 12,
        "s:50:19:50:Infinity": 13,
        "s:51:19:51:Infinity": 14,
        "b:53:4:70:Infinity:undefined:undefined:undefined:undefined": 2,
        "s:53:4:70:Infinity": 15,
        "s:54:34:61:Infinity": 16,
        "b:63:6:66:Infinity:undefined:undefined:undefined:undefined": 3,
        "s:63:6:66:Infinity": 17,
        "s:64:8:64:Infinity": 18,
        "s:65:8:65:Infinity": 19,
        "s:69:6:69:Infinity": 20,
        "s:72:4:72:Infinity": 21,
        "s:73:4:73:Infinity": 22,
        "f:77:22:77:51": 5,
        "s:78:26:78:Infinity": 23,
        "b:80:2:83:Infinity:undefined:undefined:undefined:undefined": 4,
        "s:80:2:83:Infinity": 24,
        "s:81:4:81:Infinity": 25,
        "s:82:4:82:Infinity": 26,
        "s:85:2:85:Infinity": 27,
        "s:86:2:86:Infinity": 28,
        "f:86:18:86:27": 6,
        "s:86:33:86:69": 29,
        "s:87:2:87:Infinity": 30,
        "s:89:20:99:Infinity": 31,
        "f:94:38:94:43": 7,
        "s:94:64:97:8": 32,
        "s:101:24:101:Infinity": 33,
        "b:102:2:105:Infinity:undefined:undefined:undefined:undefined": 5,
        "s:102:2:105:Infinity": 34,
        "s:103:4:103:Infinity": 35,
        "s:104:4:104:Infinity": 36,
        "s:107:2:107:Infinity": 37,
        "s:109:2:109:Infinity": 38,
        "s:111:2:111:Infinity": 39,
        "s:112:2:112:Infinity": 40
      },
      "fnNames": {}
    }
  },
  "/Users/hacxy/Projects/kick/cli/services/cache.ts": {
    "path": "/Users/hacxy/Projects/kick/cli/services/cache.ts",
    "statementMap": {
      "0": { "start": { "line": 7, "column": 2 }, "end": { "line": 7, "column": null } },
      "1": { "start": { "line": 11, "column": 2 }, "end": { "line": 11, "column": null } },
      "2": { "start": { "line": 15, "column": 2 }, "end": { "line": 15, "column": null } },
      "3": { "start": { "line": 19, "column": 14 }, "end": { "line": 19, "column": null } },
      "4": { "start": { "line": 20, "column": 2 }, "end": { "line": 22, "column": null } },
      "5": { "start": { "line": 21, "column": 4 }, "end": { "line": 21, "column": null } },
      "6": { "start": { "line": 26, "column": 14 }, "end": { "line": 26, "column": null } },
      "7": { "start": { "line": 27, "column": 2 }, "end": { "line": 27, "column": null } },
      "8": { "start": { "line": 31, "column": 15 }, "end": { "line": 31, "column": null } },
      "9": { "start": { "line": 32, "column": 2 }, "end": { "line": 32, "column": null } },
      "10": { "start": { "line": 33, "column": 2 }, "end": { "line": 33, "column": null } }
    },
    "fnMap": {
      "0": {
        "name": "getCacheDir",
        "decl": { "start": { "line": 6, "column": 16 }, "end": { "line": 6, "column": 38 } },
        "loc": { "start": { "line": 6, "column": 38 }, "end": { "line": 8, "column": null } },
        "line": 6
      },
      "1": {
        "name": "getTemplateCacheDir",
        "decl": { "start": { "line": 10, "column": 16 }, "end": { "line": 10, "column": 36 } },
        "loc": { "start": { "line": 10, "column": 66 }, "end": { "line": 12, "column": null } },
        "line": 10
      },
      "2": {
        "name": "hasCache",
        "decl": { "start": { "line": 14, "column": 16 }, "end": { "line": 14, "column": 25 } },
        "loc": { "start": { "line": 14, "column": 56 }, "end": { "line": 16, "column": null } },
        "line": 14
      },
      "3": {
        "name": "clearTemplateCache",
        "decl": { "start": { "line": 18, "column": 22 }, "end": { "line": 18, "column": 41 } },
        "loc": { "start": { "line": 18, "column": 78 }, "end": { "line": 23, "column": null } },
        "line": 18
      },
      "4": {
        "name": "copyFromCache",
        "decl": { "start": { "line": 25, "column": 22 }, "end": { "line": 25, "column": 36 } },
        "loc": { "start": { "line": 25, "column": 87 }, "end": { "line": 28, "column": null } },
        "line": 25
      },
      "5": {
        "name": "saveToCache",
        "decl": { "start": { "line": 30, "column": 22 }, "end": { "line": 30, "column": 34 } },
        "loc": { "start": { "line": 30, "column": 84 }, "end": { "line": 34, "column": null } },
        "line": 30
      }
    },
    "branchMap": {
      "0": {
        "loc": { "start": { "line": 20, "column": 2 }, "end": { "line": 22, "column": null } },
        "type": "if",
        "locations": [
          { "start": { "line": 20, "column": 2 }, "end": { "line": 22, "column": null } },
          { "start": {}, "end": {} }
        ],
        "line": 20
      }
    },
    "s": {
      "0": 9,
      "1": 8,
      "2": 2,
      "3": 3,
      "4": 3,
      "5": 1,
      "6": 1,
      "7": 1,
      "8": 1,
      "9": 1,
      "10": 1
    },
    "f": { "0": 9, "1": 8, "2": 2, "3": 3, "4": 1, "5": 1 },
    "b": { "0": [1, 2] },
    "meta": {
      "lastBranch": 1,
      "lastFunction": 6,
      "lastStatement": 11,
      "seen": {
        "f:6:16:6:38": 0,
        "s:7:2:7:Infinity": 0,
        "f:10:16:10:36": 1,
        "s:11:2:11:Infinity": 1,
        "f:14:16:14:25": 2,
        "s:15:2:15:Infinity": 2,
        "f:18:22:18:41": 3,
        "s:19:14:19:Infinity": 3,
        "b:20:2:22:Infinity:undefined:undefined:undefined:undefined": 0,
        "s:20:2:22:Infinity": 4,
        "s:21:4:21:Infinity": 5,
        "f:25:22:25:36": 4,
        "s:26:14:26:Infinity": 6,
        "s:27:2:27:Infinity": 7,
        "f:30:22:30:34": 5,
        "s:31:15:31:Infinity": 8,
        "s:32:2:32:Infinity": 9,
        "s:33:2:33:Infinity": 10
      },
      "fnNames": {}
    }
  },
  "/Users/hacxy/Projects/kick/cli/services/download.ts": {
    "path": "/Users/hacxy/Projects/kick/cli/services/download.ts",
    "statementMap": {
      "0": { "start": { "line": 4, "column": 2 }, "end": { "line": 4, "column": null } },
      "1": { "start": { "line": 8, "column": 18 }, "end": { "line": 12, "column": null } },
      "2": { "start": { "line": 14, "column": 2 }, "end": { "line": 14, "column": null } }
    },
    "fnMap": {
      "0": {
        "name": "getRepoIdentifier",
        "decl": { "start": { "line": 3, "column": 16 }, "end": { "line": 3, "column": 34 } },
        "loc": { "start": { "line": 3, "column": 56 }, "end": { "line": 5, "column": null } },
        "line": 3
      },
      "1": {
        "name": "downloadTemplate",
        "decl": { "start": { "line": 7, "column": 22 }, "end": { "line": 7, "column": 39 } },
        "loc": { "start": { "line": 7, "column": 82 }, "end": { "line": 15, "column": null } },
        "line": 7
      }
    },
    "branchMap": {},
    "s": { "0": 1, "1": 2, "2": 2 },
    "f": { "0": 1, "1": 2 },
    "b": {},
    "meta": {
      "lastBranch": 0,
      "lastFunction": 2,
      "lastStatement": 3,
      "seen": {
        "f:3:16:3:34": 0,
        "s:4:2:4:Infinity": 0,
        "f:7:22:7:39": 1,
        "s:8:18:12:Infinity": 1,
        "s:14:2:14:Infinity": 2
      },
      "fnNames": {}
    }
  },
  "/Users/hacxy/Projects/kick/cli/services/template.ts": {
    "path": "/Users/hacxy/Projects/kick/cli/services/template.ts",
    "statementMap": {
      "0": { "start": { "line": 14, "column": 18 }, "end": { "line": 14, "column": null } },
      "1": { "start": { "line": 17, "column": 2 }, "end": { "line": 21, "column": null } },
      "2": { "start": { "line": 26, "column": 19 }, "end": { "line": 26, "column": null } },
      "3": { "start": { "line": 27, "column": 21 }, "end": { "line": 27, "column": null } },
      "4": { "start": { "line": 29, "column": 2 }, "end": { "line": 37, "column": null } },
      "5": { "start": { "line": 29, "column": 15 }, "end": { "line": 29, "column": 18 } },
      "6": { "start": { "line": 30, "column": 4 }, "end": { "line": 35, "column": null } },
      "7": { "start": { "line": 31, "column": 18 }, "end": { "line": 31, "column": null } },
      "8": { "start": { "line": 32, "column": 6 }, "end": { "line": 32, "column": null } },
      "9": { "start": { "line": 32, "column": 18 }, "end": { "line": 32, "column": null } },
      "10": { "start": { "line": 34, "column": 6 }, "end": { "line": 34, "column": null } },
      "11": { "start": { "line": 34, "column": 29 }, "end": { "line": 34, "column": null } },
      "12": { "start": { "line": 36, "column": 4 }, "end": { "line": 36, "column": null } },
      "13": { "start": { "line": 36, "column": 35 }, "end": { "line": 36, "column": 70 } },
      "14": { "start": { "line": 38, "column": 2 }, "end": { "line": 38, "column": null } },
      "15": { "start": { "line": 42, "column": 14 }, "end": { "line": 42, "column": null } },
      "16": { "start": { "line": 43, "column": 2 }, "end": { "line": 45, "column": null } },
      "17": { "start": { "line": 44, "column": 4 }, "end": { "line": 44, "column": null } },
      "18": { "start": { "line": 46, "column": 16 }, "end": { "line": 46, "column": null } },
      "19": { "start": { "line": 47, "column": 2 }, "end": { "line": 47, "column": null } }
    },
    "fnMap": {
      "0": {
        "name": "getProxyUrl",
        "decl": { "start": { "line": 16, "column": 9 }, "end": { "line": 16, "column": 43 } },
        "loc": { "start": { "line": 16, "column": 43 }, "end": { "line": 23, "column": null } },
        "line": 16
      },
      "1": {
        "name": "fetchWithRetry",
        "decl": { "start": { "line": 25, "column": 15 }, "end": { "line": 25, "column": 30 } },
        "loc": { "start": { "line": 25, "column": 75 }, "end": { "line": 39, "column": null } },
        "line": 25
      },
      "2": {
        "name": "(anonymous_2)",
        "decl": { "start": { "line": 36, "column": 14 }, "end": { "line": 36, "column": 23 } },
        "loc": { "start": { "line": 36, "column": 35 }, "end": { "line": 36, "column": 70 } },
        "line": 36
      },
      "3": {
        "name": "fetchTemplates",
        "decl": { "start": { "line": 41, "column": 22 }, "end": { "line": 41, "column": 60 } },
        "loc": { "start": { "line": 41, "column": 60 }, "end": { "line": 48, "column": null } },
        "line": 41
      }
    },
    "branchMap": {
      "0": {
        "loc": { "start": { "line": 18, "column": 4 }, "end": { "line": 21, "column": null } },
        "type": "binary-expr",
        "locations": [
          { "start": { "line": 18, "column": 4 }, "end": { "line": 18, "column": null } },
          { "start": { "line": 19, "column": 4 }, "end": { "line": 19, "column": null } },
          { "start": { "line": 20, "column": 4 }, "end": { "line": 20, "column": null } },
          { "start": { "line": 21, "column": 4 }, "end": { "line": 21, "column": null } }
        ],
        "line": 18
      },
      "1": {
        "loc": { "start": { "line": 25, "column": 43 }, "end": { "line": 25, "column": 75 } },
        "type": "default-arg",
        "locations": [
          { "start": { "line": 25, "column": 53 }, "end": { "line": 25, "column": 75 } }
        ],
        "line": 25
      },
      "2": {
        "loc": { "start": { "line": 27, "column": 21 }, "end": { "line": 27, "column": null } },
        "type": "cond-expr",
        "locations": [
          { "start": { "line": 27, "column": 32 }, "end": { "line": 27, "column": 59 } },
          { "start": { "line": 27, "column": 59 }, "end": { "line": 27, "column": null } }
        ],
        "line": 27
      },
      "3": {
        "loc": { "start": { "line": 32, "column": 6 }, "end": { "line": 32, "column": null } },
        "type": "if",
        "locations": [
          { "start": { "line": 32, "column": 6 }, "end": { "line": 32, "column": null } },
          { "start": {}, "end": {} }
        ],
        "line": 32
      },
      "4": {
        "loc": { "start": { "line": 34, "column": 6 }, "end": { "line": 34, "column": null } },
        "type": "if",
        "locations": [
          { "start": { "line": 34, "column": 6 }, "end": { "line": 34, "column": null } },
          { "start": {}, "end": {} }
        ],
        "line": 34
      },
      "5": {
        "loc": { "start": { "line": 43, "column": 2 }, "end": { "line": 45, "column": null } },
        "type": "if",
        "locations": [
          { "start": { "line": 43, "column": 2 }, "end": { "line": 45, "column": null } },
          { "start": {}, "end": {} }
        ],
        "line": 43
      }
    },
    "s": {
      "0": 1,
      "1": 3,
      "2": 3,
      "3": 3,
      "4": 3,
      "5": 3,
      "6": 6,
      "7": 6,
      "8": 6,
      "9": 2,
      "10": 0,
      "11": 0,
      "12": 4,
      "13": 4,
      "14": 4,
      "15": 3,
      "16": 2,
      "17": 0,
      "18": 2,
      "19": 2
    },
    "f": { "0": 3, "1": 3, "2": 4, "3": 3 },
    "b": { "0": [3, 0, 0, 0], "1": [3], "2": [3, 0], "3": [2, 4], "4": [0, 0], "5": [0, 2] },
    "meta": {
      "lastBranch": 6,
      "lastFunction": 4,
      "lastStatement": 20,
      "seen": {
        "s:14:18:14:Infinity": 0,
        "f:16:9:16:43": 0,
        "s:17:2:21:Infinity": 1,
        "b:18:4:18:Infinity:19:4:19:Infinity:20:4:20:Infinity:21:4:21:Infinity": 0,
        "f:25:15:25:30": 1,
        "b:25:53:25:75": 1,
        "s:26:19:26:Infinity": 2,
        "s:27:21:27:Infinity": 3,
        "b:27:32:27:59:27:59:27:Infinity": 2,
        "s:29:2:37:Infinity": 4,
        "s:29:15:29:18": 5,
        "s:30:4:35:Infinity": 6,
        "s:31:18:31:Infinity": 7,
        "b:32:6:32:Infinity:undefined:undefined:undefined:undefined": 3,
        "s:32:6:32:Infinity": 8,
        "s:32:18:32:Infinity": 9,
        "b:34:6:34:Infinity:undefined:undefined:undefined:undefined": 4,
        "s:34:6:34:Infinity": 10,
        "s:34:29:34:Infinity": 11,
        "s:36:4:36:Infinity": 12,
        "f:36:14:36:23": 2,
        "s:36:35:36:70": 13,
        "s:38:2:38:Infinity": 14,
        "f:41:22:41:60": 3,
        "s:42:14:42:Infinity": 15,
        "b:43:2:45:Infinity:undefined:undefined:undefined:undefined": 5,
        "s:43:2:45:Infinity": 16,
        "s:44:4:44:Infinity": 17,
        "s:46:16:46:Infinity": 18,
        "s:47:2:47:Infinity": 19
      },
      "fnNames": {}
    }
  }
}
